<?xml version="1.0" encoding="UTF-8"?>
<!-- Generated by org.testng.reporters.JUnitXMLReporter -->
<testsuite hostname="DESKTOP-62NCO35" ignored="0" name="Test" tests="5" failures="3" timestamp="2021-02-27T23:18:13 PST" time="145.066" errors="0">
  <testcase name="startserver" time="11.11" classname="TestCases.MavenEcommerceApp"/>
  <testcase name="totalValidation" time="70.191" classname="TestCases.MavenEcommerceApp">
    <failure type="java.lang.AssertionError" message="expected [229.9] but found [226.97]">
      <![CDATA[java.lang.AssertionError: expected [229.9] but found [226.97]
at TestCases.MavenEcommerceApp.totalValidation(MavenEcommerceApp.java:143)
at java.util.ArrayList.forEach(ArrayList.java:1257)
... Removed 31 stack frames]]>
    </failure>
  </testcase> <!-- totalValidation -->
  <testcase name="ApiDemos" time="27.785" classname="TestCases.PopUpBox2">
    <failure type="java.lang.NullPointerException">
      <![CDATA[java.lang.NullPointerException
at TestCases.PopUpBox2.ApiDemos(PopUpBox2.java:97)
at java.util.ArrayList.forEach(ArrayList.java:1257)
... Removed 27 stack frames]]>
    </failure>
  </testcase> <!-- ApiDemos -->
  <testcase name="ApiDemos" time="28.989" classname="TestCases.PopUpBox2">
    <failure type="java.lang.NullPointerException">
      <![CDATA[java.lang.NullPointerException
at TestCases.PopUpBox2.ApiDemos(PopUpBox2.java:97)
at java.util.ArrayList.forEach(ArrayList.java:1257)
... Removed 27 stack frames]]>
    </failure>
  </testcase> <!-- ApiDemos -->
  <testcase name="startserver" time="3.058" classname="TestCases.PopUpBox2"/>
</testsuite> <!-- Test -->
