<?xml version="1.0" encoding="UTF-8"?>
<!-- Generated by org.testng.reporters.JUnitXMLReporter -->
<testsuite hostname="DESKTOP-62NCO35" ignored="0" name="Test" tests="5" failures="3" timestamp="2021-02-28T00:46:38 PST" time="125.111" errors="0">
  <testcase name="startserver" time="6.203" classname="TestCases.MavenEcommerceApp"/>
  <testcase name="totalValidation" time="58.886" classname="TestCases.MavenEcommerceApp">
    <failure type="java.lang.AssertionError" message="expected [229.9] but found [226.97]">
      <![CDATA[java.lang.AssertionError: expected [229.9] but found [226.97]
at TestCases.MavenEcommerceApp.totalValidation(MavenEcommerceApp.java:143)
at java.util.ArrayList.forEach(ArrayList.java:1257)
... Removed 35 stack frames]]>
    </failure>
  </testcase> <!-- totalValidation -->
  <testcase name="ApiDemos" time="28.262" classname="TestCases.PopUpBox2">
    <failure type="java.lang.NullPointerException">
      <![CDATA[java.lang.NullPointerException
at TestCases.PopUpBox2.ApiDemos(PopUpBox2.java:97)
at java.util.ArrayList.forEach(ArrayList.java:1257)
... Removed 31 stack frames]]>
    </failure>
  </testcase> <!-- ApiDemos -->
  <testcase name="ApiDemos" time="25.748" classname="TestCases.PopUpBox2">
    <failure type="java.lang.NullPointerException">
      <![CDATA[java.lang.NullPointerException
at TestCases.PopUpBox2.ApiDemos(PopUpBox2.java:97)
at java.util.ArrayList.forEach(ArrayList.java:1257)
... Removed 31 stack frames]]>
    </failure>
  </testcase> <!-- ApiDemos -->
  <testcase name="startserver" time="2.451" classname="TestCases.PopUpBox2"/>
</testsuite> <!-- Test -->
